# JRE version: Java(TM) SE Runtime Environment (8.0_66-b18) (build 1.8.0_66-b18)
# Java VM: Java HotSpot(TM) 64-Bit Server VM (25.66-b18 mixed mode windows-amd64 compressed oops)
Heap:
 PSYoungGen      total 40960K, used 8949K [0x00000007bc400000, 0x00000007c0000000, 0x00000007c0000000)
  eden space 20480K, 15% used [0x00000007bc400000,0x00000007bc705ce8,0x00000007bd800000)
  from space 20480K, 28% used [0x00000007bec00000,0x00000007bf1b77b0,0x00000007c0000000)
  to   space 20480K, 0% used [0x00000007bd800000,0x00000007bd800000,0x00000007bec00000)
 ParOldGen       total 163840K, used 74383K [0x0000000700000000, 0x000000070a000000, 0x00000007bc400000)
  object space 163840K, 45% used [0x0000000700000000,0x00000007048a3cc8,0x000000070a000000)
 Metaspace       used 59510K, capacity 59932K, committed 60456K, reserved 1101824K
  class space    used 8362K, capacity 8484K, committed 8488K, reserved 1048576K
GC Heap History (10 events):
Event: 626.216 GC heap before
{Heap before GC invocations=48 (full 6):
 PSYoungGen      total 43008K, used 42861K [0x00000007bc400000, 0x00000007c0000000, 0x00000007c0000000)
  eden space 24576K, 100% used [0x00000007bc400000,0x00000007bdc00000,0x00000007bdc00000)
  from space 18432K, 99% used [0x00000007bdc00000,0x00000007beddb4b8,0x00000007bee00000)
  to   space 18432K, 0% used [0x00000007bee00000,0x00000007bee00000,0x00000007c0000000)
 ParOldGen       total 163840K, used 58561K [0x0000000700000000, 0x000000070a000000, 0x00000007bc400000)
  object space 163840K, 35% used [0x0000000700000000,0x0000000703930430,0x000000070a000000)
 Metaspace       used 57835K, capacity 58198K, committed 58664K, reserved 1099776K
  class space    used 8068K, capacity 8163K, committed 8232K, reserved 1048576K
Event: 626.227 GC heap after
Heap after GC invocations=48 (full 6):
 PSYoungGen      total 38912K, used 12004K [0x00000007bc400000, 0x00000007c0000000, 0x00000007c0000000)
  eden space 20480K, 0% used [0x00000007bc400000,0x00000007bc400000,0x00000007bd800000)
  from space 18432K, 65% used [0x00000007bee00000,0x00000007bf9b9360,0x00000007c0000000)
  to   space 20480K, 0% used [0x00000007bd800000,0x00000007bd800000,0x00000007bec00000)
 ParOldGen       total 163840K, used 58569K [0x0000000700000000, 0x000000070a000000, 0x00000007bc400000)
  object space 163840K, 35% used [0x0000000700000000,0x0000000703932430,0x000000070a000000)
 Metaspace       used 57835K, capacity 58198K, committed 58664K, reserved 1099776K
  class space    used 8068K, capacity 8163K, committed 8232K, reserved 1048576K
}
Event: 632.597 GC heap before
{Heap before GC invocations=49 (full 6):
 PSYoungGen      total 38912K, used 32484K [0x00000007bc400000, 0x00000007c0000000, 0x00000007c0000000)
  eden space 20480K, 100% used [0x00000007bc400000,0x00000007bd800000,0x00000007bd800000)
  from space 18432K, 65% used [0x00000007bee00000,0x00000007bf9b9360,0x00000007c0000000)
  to   space 20480K, 0% used [0x00000007bd800000,0x00000007bd800000,0x00000007bec00000)
 ParOldGen       total 163840K, used 58569K [0x0000000700000000, 0x000000070a000000, 0x00000007bc400000)
  object space 163840K, 35% used [0x0000000700000000,0x0000000703932430,0x000000070a000000)
 Metaspace       used 58470K, capacity 58870K, committed 59560K, reserved 1099776K
  class space    used 8160K, capacity 8259K, committed 8360K, reserved 1048576K
Event: 632.604 GC heap after
Heap after GC invocations=49 (full 6):
 PSYoungGen      total 40960K, used 12286K [0x00000007bc400000, 0x00000007c0000000, 0x00000007c0000000)
  eden space 20480K, 0% used [0x00000007bc400000,0x00000007bc400000,0x00000007bd800000)
  from space 20480K, 59% used [0x00000007bd800000,0x00000007be3ffa60,0x00000007bec00000)
  to   space 20480K, 0% used [0x00000007bec00000,0x00000007bec00000,0x00000007c0000000)
 ParOldGen       total 163840K, used 58569K [0x0000000700000000, 0x000000070a000000, 0x00000007bc400000)
  object space 163840K, 35% used [0x0000000700000000,0x0000000703932430,0x000000070a000000)
 Metaspace       used 58470K, capacity 58870K, committed 59560K, reserved 1099776K
  class space    used 8160K, capacity 8259K, committed 8360K, reserved 1048576K
}
Event: 633.630 GC heap before
{Heap before GC invocations=50 (full 6):
 PSYoungGen      total 40960K, used 32766K [0x00000007bc400000, 0x00000007c0000000, 0x00000007c0000000)
  eden space 20480K, 100% used [0x00000007bc400000,0x00000007bd800000,0x00000007bd800000)
  from space 20480K, 59% used [0x00000007bd800000,0x00000007be3ffa60,0x00000007bec00000)
  to   space 20480K, 0% used [0x00000007bec00000,0x00000007bec00000,0x00000007c0000000)
 ParOldGen       total 163840K, used 58569K [0x0000000700000000, 0x000000070a000000, 0x00000007bc400000)
  object space 163840K, 35% used [0x0000000700000000,0x0000000703932430,0x000000070a000000)
 Metaspace       used 59090K, capacity 59420K, committed 59816K, reserved 1101824K
  class space    used 8284K, capacity 8356K, committed 8360K, reserved 1048576K
Event: 633.638 GC heap after
Heap after GC invocations=50 (full 6):
 PSYoungGen      total 40960K, used 13965K [0x00000007bc400000, 0x00000007c0000000, 0x00000007c0000000)
  eden space 20480K, 0% used [0x00000007bc400000,0x00000007bc400000,0x00000007bd800000)
  from space 20480K, 68% used [0x00000007bec00000,0x00000007bf9a3678,0x00000007c0000000)
  to   space 20480K, 0% used [0x00000007bd800000,0x00000007bd800000,0x00000007bec00000)
 ParOldGen       total 163840K, used 58601K [0x0000000700000000, 0x000000070a000000, 0x00000007bc400000)
  object space 163840K, 35% used [0x0000000700000000,0x000000070393a430,0x000000070a000000)
 Metaspace       used 59090K, capacity 59420K, committed 59816K, reserved 1101824K
  class space    used 8284K, capacity 8356K, committed 8360K, reserved 1048576K
}
Event: 635.730 GC heap before
{Heap before GC invocations=51 (full 6):
 PSYoungGen      total 40960K, used 34445K [0x00000007bc400000, 0x00000007c0000000, 0x00000007c0000000)
  eden space 20480K, 100% used [0x00000007bc400000,0x00000007bd800000,0x00000007bd800000)
  from space 20480K, 68% used [0x00000007bec00000,0x00000007bf9a3678,0x00000007c0000000)
  to   space 20480K, 0% used [0x00000007bd800000,0x00000007bd800000,0x00000007bec00000)
 ParOldGen       total 163840K, used 58601K [0x0000000700000000, 0x000000070a000000, 0x00000007bc400000)
  object space 163840K, 35% used [0x0000000700000000,0x000000070393a430,0x000000070a000000)
 Metaspace       used 59190K, capacity 59612K, committed 60200K, reserved 1101824K
  class space    used 8294K, capacity 8420K, committed 8488K, reserved 1048576K
Event: 635.737 GC heap after
Heap after GC invocations=51 (full 6):
 PSYoungGen      total 40960K, used 13867K [0x00000007bc400000, 0x00000007c0000000, 0x00000007c0000000)
  eden space 20480K, 0% used [0x00000007bc400000,0x00000007bc400000,0x00000007bd800000)
  from space 20480K, 67% used [0x00000007bd800000,0x00000007be58aee0,0x00000007bec00000)
  to   space 20480K, 0% used [0x00000007bec00000,0x00000007bec00000,0x00000007c0000000)
 ParOldGen       total 163840K, used 58857K [0x0000000700000000, 0x000000070a000000, 0x00000007bc400000)
  object space 163840K, 35% used [0x0000000700000000,0x000000070397a450,0x000000070a000000)
 Metaspace       used 59190K, capacity 59612K, committed 60200K, reserved 1101824K
  class space    used 8294K, capacity 8420K, committed 8488K, reserved 1048576K
}
Event: 649.169 GC heap before
{Heap before GC invocations=52 (full 6):
 PSYoungGen      total 40960K, used 34347K [0x00000007bc400000, 0x00000007c0000000, 0x00000007c0000000)
  eden space 20480K, 100% used [0x00000007bc400000,0x00000007bd800000,0x00000007bd800000)
  from space 20480K, 67% used [0x00000007bd800000,0x00000007be58aee0,0x00000007bec00000)
  to   space 20480K, 0% used [0x00000007bec00000,0x00000007bec00000,0x00000007c0000000)
 ParOldGen       total 163840K, used 58857K [0x0000000700000000, 0x000000070a000000, 0x00000007bc400000)
  object space 163840K, 35% used [0x0000000700000000,0x000000070397a450,0x000000070a000000)
 Metaspace       used 59419K, capacity 59836K, committed 60456K, reserved 1101824K
  class space    used 8342K, capacity 8452K, committed 8488K, reserved 1048576K
Event: 649.180 GC heap after
Heap after GC invocations=52 (full 6):
 PSYoungGen      total 40960K, used 5853K [0x00000007bc400000, 0x00000007c0000000, 0x00000007c0000000)
  eden space 20480K, 0% used [0x00000007bc400000,0x00000007bc400000,0x00000007bd800000)
  from space 20480K, 28% used [0x00000007bec00000,0x00000007bf1b77b0,0x00000007c0000000)
  to   space 20480K, 0% used [0x00000007bd800000,0x00000007bd800000,0x00000007bec00000)
 ParOldGen       total 163840K, used 74383K [0x0000000700000000, 0x000000070a000000, 0x00000007bc400000)
  object space 163840K, 45% used [0x0000000700000000,0x00000007048a3cc8,0x000000070a000000)
 Metaspace       used 59419K, capacity 59836K, committed 60456K, reserved 1101824K
  class space    used 8342K, capacity 8452K, committed 8488K, reserved 1048576K
}

